Determining if the pthread_create exist failed with the following output:
Change Dir: /home/csmajs/achad006/lab-08-visitor-pattern-coolkidzzz/CMakeFiles/CMakeTmp

Run Build Command(s):/opt/rh/devtoolset-6/root/usr/bin/gmake cmTC_bc2c5/fast 
/opt/rh/devtoolset-6/root/usr/bin/gmake -f CMakeFiles/cmTC_bc2c5.dir/build.make CMakeFiles/cmTC_bc2c5.dir/build
gmake[1]: Entering directory '/home/csmajs/achad006/lab-08-visitor-pattern-coolkidzzz/CMakeFiles/CMakeTmp'
Building C object CMakeFiles/cmTC_bc2c5.dir/CheckSymbolExists.c.o
/opt/rh/devtoolset-6/root/usr/bin/cc    -o CMakeFiles/cmTC_bc2c5.dir/CheckSymbolExists.c.o   -c /home/csmajs/achad006/lab-08-visitor-pattern-coolkidzzz/CMakeFiles/CMakeTmp/CheckSymbolExists.c
Linking C executable cmTC_bc2c5
/usr/bin/cmake3 -E cmake_link_script CMakeFiles/cmTC_bc2c5.dir/link.txt --verbose=1
/opt/rh/devtoolset-6/root/usr/bin/cc      -rdynamic CMakeFiles/cmTC_bc2c5.dir/CheckSymbolExists.c.o  -o cmTC_bc2c5 
CMakeFiles/cmTC_bc2c5.dir/CheckSymbolExists.c.o: In function `main':
CheckSymbolExists.c:(.text+0x16): undefined reference to `pthread_create'
collect2: error: ld returned 1 exit status
CMakeFiles/cmTC_bc2c5.dir/build.make:86: recipe for target 'cmTC_bc2c5' failed
gmake[1]: *** [cmTC_bc2c5] Error 1
gmake[1]: Leaving directory '/home/csmajs/achad006/lab-08-visitor-pattern-coolkidzzz/CMakeFiles/CMakeTmp'
Makefile:121: recipe for target 'cmTC_bc2c5/fast' failed
gmake: *** [cmTC_bc2c5/fast] Error 2

File /home/csmajs/achad006/lab-08-visitor-pattern-coolkidzzz/CMakeFiles/CMakeTmp/CheckSymbolExists.c:
/* */
#include <pthread.h>

int main(int argc, char** argv)
{
  (void)argv;
#ifndef pthread_create
  return ((int*)(&pthread_create))[argc];
#else
  (void)argc;
  return 0;
#endif
}

Determining if the function pthread_create exists in the pthreads failed with the following output:
Change Dir: /home/csmajs/achad006/lab-08-visitor-pattern-coolkidzzz/CMakeFiles/CMakeTmp

Run Build Command(s):/opt/rh/devtoolset-6/root/usr/bin/gmake cmTC_1bbfd/fast 
/opt/rh/devtoolset-6/root/usr/bin/gmake -f CMakeFiles/cmTC_1bbfd.dir/build.make CMakeFiles/cmTC_1bbfd.dir/build
gmake[1]: Entering directory '/home/csmajs/achad006/lab-08-visitor-pattern-coolkidzzz/CMakeFiles/CMakeTmp'
Building C object CMakeFiles/cmTC_1bbfd.dir/CheckFunctionExists.c.o
/opt/rh/devtoolset-6/root/usr/bin/cc   -DCHECK_FUNCTION_EXISTS=pthread_create   -o CMakeFiles/cmTC_1bbfd.dir/CheckFunctionExists.c.o   -c /usr/share/cmake3/Modules/CheckFunctionExists.c
Linking C executable cmTC_1bbfd
/usr/bin/cmake3 -E cmake_link_script CMakeFiles/cmTC_1bbfd.dir/link.txt --verbose=1
/opt/rh/devtoolset-6/root/usr/bin/cc  -DCHECK_FUNCTION_EXISTS=pthread_create    -rdynamic CMakeFiles/cmTC_1bbfd.dir/CheckFunctionExists.c.o  -o cmTC_1bbfd -lpthreads 
/opt/rh/devtoolset-6/root/usr/libexec/gcc/x86_64-redhat-linux/6.3.1/ld: cannot find -lpthreads
collect2: error: ld returned 1 exit status
CMakeFiles/cmTC_1bbfd.dir/build.make:86: recipe for target 'cmTC_1bbfd' failed
gmake[1]: *** [cmTC_1bbfd] Error 1
gmake[1]: Leaving directory '/home/csmajs/achad006/lab-08-visitor-pattern-coolkidzzz/CMakeFiles/CMakeTmp'
Makefile:121: recipe for target 'cmTC_1bbfd/fast' failed
gmake: *** [cmTC_1bbfd/fast] Error 2


